Base path: C:/Program Files (x86)/Unity/Editor/Data
Pipe name: \\.\pipe\UnityShaderCompiler-1-4568
Cmd: getPlatforms
Cmd: preprocess
  insize=2933 outsize=203 ok=1
Cmd: preprocess
  insize=889 outsize=229 ok=1
Cmd: preprocess
  insize=6730 outsize=291 ok=1
Cmd: preprocess
  insize=586 outsize=194 ok=1
Cmd: preprocess
  insize=678 outsize=208 ok=1
Cmd: preprocess
  insize=2926 outsize=568 ok=1
Cmd: preprocess
  insize=4254 outsize=230 ok=1
Cmd: preprocess
  insize=1228 outsize=198 ok=1
Cmd: preprocess
  insize=2933 outsize=203 ok=1
Cmd: preprocess
  insize=889 outsize=229 ok=1
Cmd: preprocess
  insize=6730 outsize=291 ok=1
Cmd: preprocess
  insize=586 outsize=194 ok=1
Cmd: preprocess
  insize=678 outsize=208 ok=1
Cmd: preprocess
  insize=2926 outsize=568 ok=1
Cmd: preprocess
  insize=4254 outsize=230 ok=1
Cmd: preprocess
  insize=1228 outsize=198 ok=1
Cmd: preprocess
  insize=6730 outsize=291 ok=1
Cmd: compileSnippet
  api=4 type=0 insize=6544 outsize=770 kw=LIGHT_ON_SCREEN DIRECTIONAL_SHAFTS SHOW_SAMPLES_OFF QUAD_SHAFTS ok=1
Cmd: compileSnippet
  api=4 type=1 insize=6544 outsize=8164 kw=LIGHT_ON_SCREEN DIRECTIONAL_SHAFTS SHOW_SAMPLES_OFF QUAD_SHAFTS ok=1
Cmd: compileSnippet
  api=4 type=0 insize=6544 outsize=1103 kw=SPOT_SHAFTS LIGHT_OFF_SCREEN FRUSTUM_SHAFTS SHOW_SAMPLES_ON ok=1
Cmd: compileSnippet
  api=4 type=1 insize=6544 outsize=11804 kw=SPOT_SHAFTS LIGHT_OFF_SCREEN FRUSTUM_SHAFTS SHOW_SAMPLES_ON ok=1
Cmd: compileSnippet
  api=4 type=0 insize=6544 outsize=1103 kw=SPOT_SHAFTS LIGHT_OFF_SCREEN SHOW_SAMPLES_OFF FRUSTUM_SHAFTS ok=1
Cmd: compileSnippet
  api=4 type=1 insize=6544 outsize=11276 kw=SPOT_SHAFTS LIGHT_OFF_SCREEN SHOW_SAMPLES_OFF FRUSTUM_SHAFTS ok=1
Cmd: compileSnippet
  api=4 type=0 insize=6544 outsize=1103 kw=LIGHT_ON_SCREEN SPOT_SHAFTS SHOW_SAMPLES_OFF FRUSTUM_SHAFTS ok=1
Cmd: compileSnippet
  api=4 type=1 insize=6544 outsize=9700 kw=LIGHT_ON_SCREEN SPOT_SHAFTS SHOW_SAMPLES_OFF FRUSTUM_SHAFTS ok=1
Cmd: compileSnippet
  api=4 type=0 insize=6544 outsize=770 kw=SPOT_SHAFTS LIGHT_OFF_SCREEN SHOW_SAMPLES_OFF QUAD_SHAFTS ok=1
Cmd: compileSnippet
  api=4 type=1 insize=6544 outsize=11000 kw=SPOT_SHAFTS LIGHT_OFF_SCREEN SHOW_SAMPLES_OFF QUAD_SHAFTS ok=1
Cmd: compileSnippet
  api=4 type=0 insize=6544 outsize=770 kw=SPOT_SHAFTS LIGHT_OFF_SCREEN QUAD_SHAFTS SHOW_SAMPLES_ON ok=1
Cmd: compileSnippet
  api=4 type=1 insize=6544 outsize=11528 kw=SPOT_SHAFTS LIGHT_OFF_SCREEN QUAD_SHAFTS SHOW_SAMPLES_ON ok=1
Cmd: preprocess
  insize=6730 outsize=290 ok=1
Cmd: compileSnippet
  api=4 type=0 insize=6544 outsize=770 kw=LIGHT_ON_SCREEN DIRECTIONAL_SHAFTS SHOW_SAMPLES_OFF QUAD_SHAFTS ok=1
Cmd: compileSnippet
  api=4 type=1 insize=6544 outsize=510 kw=LIGHT_ON_SCREEN DIRECTIONAL_SHAFTS SHOW_SAMPLES_OFF QUAD_SHAFTS ok=1
Cmd: compileSnippet
  api=4 type=0 insize=6544 outsize=1103 kw=SPOT_SHAFTS LIGHT_OFF_SCREEN SHOW_SAMPLES_OFF FRUSTUM_SHAFTS ok=1
Cmd: compileSnippet
  api=4 type=1 insize=6544 outsize=510 kw=SPOT_SHAFTS LIGHT_OFF_SCREEN SHOW_SAMPLES_OFF FRUSTUM_SHAFTS ok=1
Cmd: compileSnippet
  api=4 type=0 insize=6544 outsize=1103 kw=SPOT_SHAFTS LIGHT_OFF_SCREEN FRUSTUM_SHAFTS SHOW_SAMPLES_ON ok=1
Cmd: compileSnippet
  api=4 type=1 insize=6544 outsize=11804 kw=SPOT_SHAFTS LIGHT_OFF_SCREEN FRUSTUM_SHAFTS SHOW_SAMPLES_ON ok=1
Cmd: preprocess
  insize=6730 outsize=291 ok=1
Cmd: preprocess
  insize=6726 outsize=287 ok=1
Cmd: preprocess
  insize=6772 outsize=333 ok=1
Cmd: compileSnippet
  api=4 type=0 insize=6544 outsize=770 kw=LIGHT_ON_SCREEN DIRECTIONAL_SHAFTS SHOW_SAMPLES_OFF QUAD_SHAFTS ok=1
Cmd: compileSnippet
  api=4 type=1 insize=6544 outsize=8164 kw=LIGHT_ON_SCREEN DIRECTIONAL_SHAFTS SHOW_SAMPLES_OFF QUAD_SHAFTS ok=1
Cmd: compileSnippet
  api=4 type=0 insize=6544 outsize=1103 kw=SPOT_SHAFTS LIGHT_OFF_SCREEN SHOW_SAMPLES_OFF FRUSTUM_SHAFTS ok=1
Cmd: compileSnippet
  api=4 type=1 insize=6544 outsize=11276 kw=SPOT_SHAFTS LIGHT_OFF_SCREEN SHOW_SAMPLES_OFF FRUSTUM_SHAFTS ok=1
Cmd: compileSnippet
  api=4 type=0 insize=6544 outsize=1103 kw=SPOT_SHAFTS LIGHT_OFF_SCREEN FRUSTUM_SHAFTS SHOW_SAMPLES_ON ok=1
Cmd: compileSnippet
  api=4 type=1 insize=6544 outsize=11804 kw=SPOT_SHAFTS LIGHT_OFF_SCREEN FRUSTUM_SHAFTS SHOW_SAMPLES_ON ok=1
Cmd: compileSnippet
  api=4 type=0 insize=6544 outsize=1103 kw=LIGHT_ON_SCREEN SPOT_SHAFTS SHOW_SAMPLES_OFF FRUSTUM_SHAFTS ok=1
Cmd: compileSnippet
  api=4 type=1 insize=6544 outsize=9700 kw=LIGHT_ON_SCREEN SPOT_SHAFTS SHOW_SAMPLES_OFF FRUSTUM_SHAFTS ok=1
Cmd: preprocess
  insize=6772 outsize=332 ok=1
Cmd: compileSnippet
  api=4 type=0 insize=6544 outsize=770 kw=LIGHT_ON_SCREEN DIRECTIONAL_SHAFTS SHOW_SAMPLES_OFF QUAD_SHAFTS ok=1
Cmd: compileSnippet
  api=4 type=1 insize=6544 outsize=8164 kw=LIGHT_ON_SCREEN DIRECTIONAL_SHAFTS SHOW_SAMPLES_OFF QUAD_SHAFTS ok=1
Cmd: compileSnippet
  api=4 type=0 insize=6544 outsize=1103 kw=SPOT_SHAFTS LIGHT_OFF_SCREEN SHOW_SAMPLES_OFF FRUSTUM_SHAFTS ok=1
Cmd: compileSnippet
  api=4 type=1 insize=6544 outsize=11276 kw=SPOT_SHAFTS LIGHT_OFF_SCREEN SHOW_SAMPLES_OFF FRUSTUM_SHAFTS ok=1
Cmd: compileSnippet
  api=4 type=0 insize=6544 outsize=1103 kw=LIGHT_ON_SCREEN SPOT_SHAFTS SHOW_SAMPLES_OFF FRUSTUM_SHAFTS ok=1
Cmd: compileSnippet
  api=4 type=1 insize=6544 outsize=9700 kw=LIGHT_ON_SCREEN SPOT_SHAFTS SHOW_SAMPLES_OFF FRUSTUM_SHAFTS ok=1
Cmd: preprocess
  insize=6772 outsize=333 ok=1
Cmd: preprocess
  insize=6812 outsize=373 ok=1
Cmd: compileSnippet
  api=4 type=0 insize=6544 outsize=770 kw=LIGHT_ON_SCREEN DIRECTIONAL_SHAFTS SHOW_SAMPLES_OFF QUAD_SHAFTS ok=1
Cmd: compileSnippet
  api=4 type=1 insize=6544 outsize=8164 kw=LIGHT_ON_SCREEN DIRECTIONAL_SHAFTS SHOW_SAMPLES_OFF QUAD_SHAFTS ok=1
Cmd: compileSnippet
  api=4 type=0 insize=6544 outsize=1103 kw=SPOT_SHAFTS LIGHT_OFF_SCREEN SHOW_SAMPLES_OFF FRUSTUM_SHAFTS ok=1
Cmd: compileSnippet
  api=4 type=1 insize=6544 outsize=11276 kw=SPOT_SHAFTS LIGHT_OFF_SCREEN SHOW_SAMPLES_OFF FRUSTUM_SHAFTS ok=1
Cmd: preprocess
  insize=6826 outsize=387 ok=1
Cmd: compileSnippet
  api=4 type=0 insize=6544 outsize=1103 kw=LIGHT_ON_SCREEN SPOT_SHAFTS SHOW_SAMPLES_OFF FRUSTUM_SHAFTS ok=1
Cmd: compileSnippet
  api=4 type=1 insize=6544 outsize=9700 kw=LIGHT_ON_SCREEN SPOT_SHAFTS SHOW_SAMPLES_OFF FRUSTUM_SHAFTS ok=1
Cmd: preprocess
  insize=6808 outsize=369 ok=1
Cmd: preprocess
  insize=6809 outsize=370 ok=1
Cmd: preprocess
  insize=6812 outsize=373 ok=1
Cmd: preprocess
  insize=6865 outsize=425 ok=1
Cmd: compileSnippet
  api=4 type=0 insize=6544 outsize=770 kw=LIGHT_ON_SCREEN DIRECTIONAL_SHAFTS SHOW_SAMPLES_OFF QUAD_SHAFTS ok=1
Cmd: compileSnippet
  api=4 type=1 insize=6544 outsize=8164 kw=LIGHT_ON_SCREEN DIRECTIONAL_SHAFTS SHOW_SAMPLES_OFF QUAD_SHAFTS ok=1
Cmd: compileSnippet
  api=4 type=0 insize=6544 outsize=1103 kw=SPOT_SHAFTS LIGHT_OFF_SCREEN SHOW_SAMPLES_OFF FRUSTUM_SHAFTS ok=1
Cmd: compileSnippet
  api=4 type=1 insize=6544 outsize=11276 kw=SPOT_SHAFTS LIGHT_OFF_SCREEN SHOW_SAMPLES_OFF FRUSTUM_SHAFTS ok=1
Cmd: preprocess
  insize=6864 outsize=424 ok=1
Cmd: preprocess
  insize=6912 outsize=472 ok=1
Cmd: preprocess
  insize=6886 outsize=446 ok=1
Cmd: preprocess
  insize=6907 outsize=467 ok=1
Cmd: preprocess
  insize=6920 outsize=480 ok=1
Cmd: preprocess
  insize=6903 outsize=463 ok=1
Cmd: preprocess
  insize=6921 outsize=481 ok=1
Cmd: compileSnippet
  api=4 type=0 insize=6545 outsize=770 kw=LIGHT_ON_SCREEN DIRECTIONAL_SHAFTS SHOW_SAMPLES_OFF QUAD_SHAFTS ok=1
Cmd: compileSnippet
  api=4 type=1 insize=6545 outsize=8164 kw=LIGHT_ON_SCREEN DIRECTIONAL_SHAFTS SHOW_SAMPLES_OFF QUAD_SHAFTS ok=1
Cmd: compileSnippet
  api=4 type=0 insize=6545 outsize=1103 kw=SPOT_SHAFTS LIGHT_OFF_SCREEN SHOW_SAMPLES_OFF FRUSTUM_SHAFTS ok=1
Cmd: compileSnippet
  api=4 type=1 insize=6545 outsize=11276 kw=SPOT_SHAFTS LIGHT_OFF_SCREEN SHOW_SAMPLES_OFF FRUSTUM_SHAFTS ok=1
Cmd: preprocess
  insize=6920 outsize=480 ok=1
Cmd: compileSnippet
  api=4 type=0 insize=6544 outsize=770 kw=SPOT_SHAFTS LIGHT_OFF_SCREEN SHOW_SAMPLES_OFF QUAD_SHAFTS ok=1
Cmd: compileSnippet
  api=4 type=1 insize=6544 outsize=11000 kw=SPOT_SHAFTS LIGHT_OFF_SCREEN SHOW_SAMPLES_OFF QUAD_SHAFTS ok=1
Cmd: compileSnippet
  api=4 type=0 insize=6544 outsize=1103 kw=SPOT_SHAFTS LIGHT_OFF_SCREEN FRUSTUM_SHAFTS SHOW_SAMPLES_ON ok=1
Cmd: compileSnippet
  api=4 type=1 insize=6544 outsize=11804 kw=SPOT_SHAFTS LIGHT_OFF_SCREEN FRUSTUM_SHAFTS SHOW_SAMPLES_ON ok=1
Cmd: preprocess
  insize=6908 outsize=468 ok=1
Cmd: preprocess
  insize=6994 outsize=554 ok=1
Cmd: compileSnippet
  api=4 type=0 insize=6544 outsize=770 kw=LIGHT_ON_SCREEN DIRECTIONAL_SHAFTS SHOW_SAMPLES_OFF QUAD_SHAFTS ok=1
Cmd: compileSnippet
  api=4 type=1 insize=6544 outsize=8164 kw=LIGHT_ON_SCREEN DIRECTIONAL_SHAFTS SHOW_SAMPLES_OFF QUAD_SHAFTS ok=1
Cmd: compileSnippet
  api=4 type=0 insize=6544 outsize=1103 kw=SPOT_SHAFTS LIGHT_OFF_SCREEN SHOW_SAMPLES_OFF FRUSTUM_SHAFTS ok=1
Cmd: compileSnippet
  api=4 type=1 insize=6544 outsize=11276 kw=SPOT_SHAFTS LIGHT_OFF_SCREEN SHOW_SAMPLES_OFF FRUSTUM_SHAFTS ok=1
Cmd: preprocess
  insize=7008 outsize=569 ok=1
Cmd: compileSnippet
  api=4 type=0 insize=6544 outsize=770 kw=LIGHT_ON_SCREEN DIRECTIONAL_SHAFTS SHOW_SAMPLES_OFF QUAD_SHAFTS ok=1
Cmd: compileSnippet
  api=4 type=1 insize=6544 outsize=8164 kw=LIGHT_ON_SCREEN DIRECTIONAL_SHAFTS SHOW_SAMPLES_OFF QUAD_SHAFTS ok=1
Cmd: compileSnippet
  api=4 type=0 insize=6544 outsize=1103 kw=SPOT_SHAFTS LIGHT_OFF_SCREEN SHOW_SAMPLES_OFF FRUSTUM_SHAFTS ok=1
Cmd: compileSnippet
  api=4 type=1 insize=6544 outsize=11276 kw=SPOT_SHAFTS LIGHT_OFF_SCREEN SHOW_SAMPLES_OFF FRUSTUM_SHAFTS ok=1
Cmd: preprocess
  insize=7026 outsize=587 ok=1
Cmd: compileSnippet
  api=4 type=0 insize=6544 outsize=770 kw=LIGHT_ON_SCREEN DIRECTIONAL_SHAFTS SHOW_SAMPLES_OFF QUAD_SHAFTS ok=1
Cmd: compileSnippet
  api=4 type=1 insize=6544 outsize=8164 kw=LIGHT_ON_SCREEN DIRECTIONAL_SHAFTS SHOW_SAMPLES_OFF QUAD_SHAFTS ok=1
Cmd: preprocess
  insize=7002 outsize=563 ok=1
Cmd: preprocess
  insize=6922 outsize=483 ok=1
Cmd: compileSnippet
  api=4 type=0 insize=6544 outsize=770 kw=LIGHT_ON_SCREEN DIRECTIONAL_SHAFTS SHOW_SAMPLES_OFF QUAD_SHAFTS ok=1
Cmd: compileSnippet
  api=4 type=1 insize=6544 outsize=8164 kw=LIGHT_ON_SCREEN DIRECTIONAL_SHAFTS SHOW_SAMPLES_OFF QUAD_SHAFTS ok=1
Cmd: compileSnippet
  api=4 type=0 insize=6544 outsize=1103 kw=SPOT_SHAFTS LIGHT_OFF_SCREEN SHOW_SAMPLES_OFF FRUSTUM_SHAFTS ok=1
Cmd: compileSnippet
  api=4 type=1 insize=6544 outsize=11276 kw=SPOT_SHAFTS LIGHT_OFF_SCREEN SHOW_SAMPLES_OFF FRUSTUM_SHAFTS ok=1
Cmd: preprocess
  insize=6907 outsize=467 ok=1
Cmd: preprocess
  insize=631 outsize=239 ok=1
Cmd: compileSnippet
  api=4 type=0 insize=665 outsize=1136 kw= ok=1
Cmd: compileSnippet
  api=4 type=1 insize=665 outsize=713 kw= ok=1
Cmd: preprocess
  insize=3046 outsize=316 ok=1
Cmd: compileSnippet
  api=4 type=0 insize=2950 outsize=673 kw=LIGHT_ON_SCREEN DIRECTIONAL_SHAFTS ok=1
Cmd: compileSnippet
  api=4 type=1 insize=2950 outsize=5125 kw=LIGHT_ON_SCREEN DIRECTIONAL_SHAFTS ok=1
Cmd: preprocess
  insize=985 outsize=325 ok=1
Cmd: compileSnippet
  api=4 type=0 insize=921 outsize=738 kw= ok=1
Cmd: compileSnippet
  api=4 type=1 insize=921 outsize=1396 kw= ok=1
Cmd: preprocess
  insize=703 outsize=311 ok=1
Cmd: compileSnippet
  api=4 type=0 insize=667 outsize=1136 kw= ok=1
Cmd: compileSnippet
  api=4 type=1 insize=667 outsize=713 kw= ok=1
Cmd: preprocess
  insize=791 outsize=322 ok=1
Cmd: compileSnippet
  api=4 type=0 insize=745 outsize=1550 kw= ok=1
Cmd: compileSnippet
  api=4 type=1 insize=745 outsize=510 kw= ok=1
Cmd: preprocess
  insize=3039 outsize=679 ok=1
Cmd: compileSnippet
  api=4 type=0 insize=2462 outsize=665 kw= ok=1
Cmd: compileSnippet
  api=4 type=1 insize=2462 outsize=4524 kw= ok=1
Cmd: compileSnippet
  api=4 type=0 insize=423 outsize=665 kw= ok=1
Cmd: compileSnippet
  api=4 type=1 insize=423 outsize=510 kw= ok=1
Cmd: preprocess
  insize=4367 outsize=343 ok=1
Cmd: compileSnippet
  api=4 type=0 insize=4197 outsize=665 kw=DIRECTIONAL_SHAFTS COLORED_ON ATTENUATION_CURVE_ON COOKIE_TEX_ON ok=1
Cmd: compileSnippet
  api=4 type=1 insize=4197 outsize=5629 kw=DIRECTIONAL_SHAFTS COLORED_ON ATTENUATION_CURVE_ON COOKIE_TEX_ON ok=1
Cmd: preprocess
  insize=1341 outsize=311 ok=1
Cmd: compileSnippet
  api=4 type=0 insize=1284 outsize=665 kw= ok=1
Cmd: compileSnippet
  api=4 type=1 insize=1284 outsize=2395 kw= ok=1
Cmd: compileSnippet
  api=4 type=0 insize=2950 outsize=673 kw=SPOT_SHAFTS LIGHT_OFF_SCREEN ok=1
Cmd: compileSnippet
  api=4 type=1 insize=2950 outsize=8050 kw=SPOT_SHAFTS LIGHT_OFF_SCREEN ok=1
Cmd: compileSnippet
  api=4 type=0 insize=4197 outsize=665 kw=SPOT_SHAFTS COLORED_ON COOKIE_TEX_OFF ATTENUATION_CURVE_OFF ok=1
Cmd: compileSnippet
  api=4 type=1 insize=4197 outsize=7701 kw=SPOT_SHAFTS COLORED_ON COOKIE_TEX_OFF ATTENUATION_CURVE_OFF ok=1
Cmd: compileSnippet
  api=4 type=0 insize=2950 outsize=673 kw=LIGHT_ON_SCREEN SPOT_SHAFTS ok=1
Cmd: compileSnippet
  api=4 type=1 insize=2950 outsize=6442 kw=LIGHT_ON_SCREEN SPOT_SHAFTS ok=1
Cmd: compileSnippet
  api=4 type=0 insize=6544 outsize=1103 kw=LIGHT_ON_SCREEN SPOT_SHAFTS SHOW_SAMPLES_OFF FRUSTUM_SHAFTS ok=1
Cmd: compileSnippet
  api=4 type=1 insize=6544 outsize=9700 kw=LIGHT_ON_SCREEN SPOT_SHAFTS SHOW_SAMPLES_OFF FRUSTUM_SHAFTS ok=1
Cmd: preprocess
  insize=2935 outsize=205 ok=1
Cmd: compileSnippet
  api=4 type=0 insize=2950 outsize=673 kw=LIGHT_ON_SCREEN DIRECTIONAL_SHAFTS ok=1
Cmd: compileSnippet
  api=4 type=1 insize=2950 outsize=5125 kw=LIGHT_ON_SCREEN DIRECTIONAL_SHAFTS ok=1
Cmd: preprocess
  insize=889 outsize=229 ok=1
Cmd: preprocess
  insize=588 outsize=196 ok=1
Cmd: compileSnippet
  api=4 type=0 insize=665 outsize=1136 kw= ok=1
Cmd: compileSnippet
  api=4 type=1 insize=665 outsize=713 kw= ok=1
Cmd: preprocess
  insize=688 outsize=211 ok=1
Cmd: compileSnippet
  api=4 type=0 insize=753 outsize=1550 kw= ok=1
Cmd: compileSnippet
  api=4 type=1 insize=753 outsize=510 kw= ok=1
Cmd: preprocess
  insize=2928 outsize=569 ok=1
Cmd: compileSnippet
  api=4 type=0 insize=2462 outsize=665 kw= ok=1
Cmd: compileSnippet
  api=4 type=1 insize=2462 outsize=4524 kw= ok=1
Cmd: compileSnippet
  api=4 type=0 insize=422 outsize=665 kw= ok=1
Cmd: compileSnippet
  api=4 type=1 insize=422 outsize=510 kw= ok=1
Cmd: preprocess
  insize=4256 outsize=232 ok=1
Cmd: compileSnippet
  api=4 type=0 insize=4197 outsize=665 kw=DIRECTIONAL_SHAFTS COLORED_ON ATTENUATION_CURVE_ON COOKIE_TEX_ON ok=1
Cmd: compileSnippet
  api=4 type=1 insize=4197 outsize=5629 kw=DIRECTIONAL_SHAFTS COLORED_ON ATTENUATION_CURVE_ON COOKIE_TEX_ON ok=1
Cmd: preprocess
  insize=1230 outsize=200 ok=1
Cmd: compileSnippet
  api=4 type=0 insize=1282 outsize=665 kw= ok=1
Cmd: compileSnippet
  api=4 type=1 insize=1282 outsize=2395 kw= ok=1
Cmd: compileSnippet
  api=4 type=0 insize=2950 outsize=673 kw=SPOT_SHAFTS LIGHT_OFF_SCREEN ok=1
Cmd: compileSnippet
  api=4 type=1 insize=2950 outsize=8050 kw=SPOT_SHAFTS LIGHT_OFF_SCREEN ok=1
Cmd: compileSnippet
  api=4 type=0 insize=4197 outsize=665 kw=SPOT_SHAFTS COLORED_ON COOKIE_TEX_OFF ATTENUATION_CURVE_OFF ok=1
Cmd: compileSnippet
  api=4 type=1 insize=4197 outsize=7701 kw=SPOT_SHAFTS COLORED_ON COOKIE_TEX_OFF ATTENUATION_CURVE_OFF ok=1
Cmd: preprocess
  insize=688 outsize=210 ok=1
Cmd: compileSnippet
  api=4 type=0 insize=753 outsize=1550 kw= ok=1
Cmd: compileSnippet
  api=4 type=1 insize=753 outsize=510 kw= ok=1
Cmd: preprocess
  insize=791 outsize=294 ok=1
Cmd: compileSnippet
  api=4 type=0 insize=772 outsize=1550 kw= ok=1
Cmd: compileSnippet
  api=4 type=1 insize=772 outsize=510 kw= ok=1
Cmd: preprocess
  insize=6940 outsize=468 ok=1
Cmd: compileSnippet
  error: 2 plat 4 at (28): unrecognized identifier 'Blend'
  api=4 type=0 insize=6576 outsize=0 kw=LIGHT_ON_SCREEN DIRECTIONAL_SHAFTS SHOW_SAMPLES_OFF QUAD_SHAFTS ok=0
Cmd: preprocess
  insize=6943 outsize=504 ok=1
Cmd: preprocess
  insize=6943 outsize=504 ok=1
Cmd: preprocess
  insize=2942 outsize=568 ok=1
Cmd: compileSnippet
  api=4 type=0 insize=436 outsize=665 kw= ok=1
Cmd: compileSnippet
  api=4 type=1 insize=436 outsize=510 kw= ok=1
Cmd: preprocess
  insize=1257 outsize=200 ok=1
Cmd: compileSnippet
  error: 1 plat 4 at (51): implicit truncation of vector type
  error: 1 plat 4 at (52): implicit truncation of vector type
  error: 2 plat 4 at (55): incorrect number of arguments to numeric-type constructor
  api=4 type=0 insize=1308 outsize=0 kw= ok=0
Cmd: preprocess
  insize=1498 outsize=441 ok=1
Cmd: compileSnippet
  error: 1 plat 4 at (57): implicit truncation of vector type
  error: 1 plat 4 at (58): implicit truncation of vector type
  error: 2 plat 4 at (61): incorrect number of arguments to numeric-type constructor
  api=4 type=0 insize=1310 outsize=0 kw= ok=0
Cmd: preprocess
  insize=1511 outsize=454 ok=1
Cmd: compileSnippet
  error: 1 plat 4 at (57): implicit truncation of vector type
  error: 1 plat 4 at (58): implicit truncation of vector type
  error: 2 plat 4 at (61): incorrect number of arguments to numeric-type constructor
  api=4 type=0 insize=1310 outsize=0 kw= ok=0
Cmd: preprocess
  insize=1509 outsize=454 ok=1
Cmd: compileSnippet
  error: 1 plat 4 at (57): implicit truncation of vector type
  error: 1 plat 4 at (58): implicit truncation of vector type
  error: 2 plat 4 at (61): incorrect number of arguments to numeric-type constructor
  api=4 type=0 insize=1308 outsize=0 kw= ok=0
Cmd: preprocess
  insize=1511 outsize=454 ok=1
Cmd: compileSnippet
  api=4 type=0 insize=1310 outsize=665 kw= ok=1
Cmd: compileSnippet
  api=4 type=1 insize=1310 outsize=2395 kw= ok=1
Cmd: preprocess
  insize=1511 outsize=454 ok=1
Cmd: compileSnippet
  error: 1 plat 4 at (57): implicit truncation of vector type
  error: 1 plat 4 at (58): implicit truncation of vector type
  error: 2 plat 4 at (61): incorrect number of arguments to numeric-type constructor
  api=4 type=0 insize=1310 outsize=0 kw= ok=0
Cmd: compileSnippet
  api=4 type=0 insize=2950 outsize=673 kw=LIGHT_ON_SCREEN SPOT_SHAFTS ok=1
Cmd: compileSnippet
  api=4 type=1 insize=2950 outsize=6442 kw=LIGHT_ON_SCREEN SPOT_SHAFTS ok=1
Cmd: compileSnippet
  api=4 type=0 insize=6544 outsize=1103 kw=LIGHT_ON_SCREEN SPOT_SHAFTS SHOW_SAMPLES_OFF FRUSTUM_SHAFTS ok=1
Cmd: compileSnippet
  api=4 type=1 insize=6544 outsize=9700 kw=LIGHT_ON_SCREEN SPOT_SHAFTS SHOW_SAMPLES_OFF FRUSTUM_SHAFTS ok=1
Cmd: preprocess
  insize=1511 outsize=454 ok=1
Cmd: compileSnippet
  error: 1 plat 4 at (57): implicit truncation of vector type
  error: 1 plat 4 at (58): implicit truncation of vector type
  error: 2 plat 4 at (61): incorrect number of arguments to numeric-type constructor
  api=4 type=0 insize=1310 outsize=0 kw= ok=0
Cmd: preprocess
  insize=913 outsize=229 ok=1
Cmd: compileSnippet
  error: 2 plat 4 at (43): incorrect number of arguments to numeric-type constructor
  api=4 type=0 insize=945 outsize=0 kw= ok=0
Cmd: preprocess
  insize=1511 outsize=454 ok=1
Cmd: compileSnippet
  api=4 type=0 insize=1310 outsize=665 kw= ok=1
Cmd: compileSnippet
  api=4 type=1 insize=1310 outsize=2395 kw= ok=1
Cmd: preprocess
  insize=886 outsize=229 ok=1
Cmd: compileSnippet
  api=4 type=0 insize=919 outsize=738 kw= ok=1
Cmd: compileSnippet
  api=4 type=1 insize=919 outsize=1396 kw= ok=1
Cmd: preprocess
  insize=4282 outsize=232 ok=1
Cmd: compileSnippet
  api=4 type=0 insize=4222 outsize=665 kw=DIRECTIONAL_SHAFTS COLORED_ON ATTENUATION_CURVE_ON COOKIE_TEX_ON ok=1
Cmd: compileSnippet
  api=4 type=1 insize=4222 outsize=510 kw=DIRECTIONAL_SHAFTS COLORED_ON ATTENUATION_CURVE_ON COOKIE_TEX_ON ok=1
Cmd: compileSnippet
  api=4 type=0 insize=4222 outsize=665 kw=SPOT_SHAFTS COLORED_ON COOKIE_TEX_OFF ATTENUATION_CURVE_OFF ok=1
Cmd: compileSnippet
  api=4 type=1 insize=4222 outsize=510 kw=SPOT_SHAFTS COLORED_ON COOKIE_TEX_OFF ATTENUATION_CURVE_OFF ok=1
Cmd: compileSnippet
  api=4 type=0 insize=6544 outsize=770 kw=SPOT_SHAFTS LIGHT_OFF_SCREEN SHOW_SAMPLES_OFF QUAD_SHAFTS ok=1
Cmd: compileSnippet
  api=4 type=1 insize=6544 outsize=11000 kw=SPOT_SHAFTS LIGHT_OFF_SCREEN SHOW_SAMPLES_OFF QUAD_SHAFTS ok=1
Cmd: preprocess
  insize=4282 outsize=232 ok=1
Cmd: compileSnippet
  api=4 type=0 insize=4222 outsize=665 kw=DIRECTIONAL_SHAFTS COLORED_ON ATTENUATION_CURVE_ON COOKIE_TEX_ON ok=1
Cmd: compileSnippet
  api=4 type=1 insize=4222 outsize=510 kw=DIRECTIONAL_SHAFTS COLORED_ON ATTENUATION_CURVE_ON COOKIE_TEX_ON ok=1
Cmd: compileSnippet
  api=4 type=0 insize=4222 outsize=665 kw=SPOT_SHAFTS COLORED_ON COOKIE_TEX_OFF ATTENUATION_CURVE_OFF ok=1
Cmd: compileSnippet
  api=4 type=1 insize=4222 outsize=510 kw=SPOT_SHAFTS COLORED_ON COOKIE_TEX_OFF ATTENUATION_CURVE_OFF ok=1
Cmd: preprocess
  insize=4535 outsize=485 ok=1
Cmd: compileSnippet
  api=4 type=0 insize=4222 outsize=665 kw=DIRECTIONAL_SHAFTS COLORED_ON ATTENUATION_CURVE_ON COOKIE_TEX_ON ok=1
Cmd: compileSnippet
  api=4 type=1 insize=4222 outsize=510 kw=DIRECTIONAL_SHAFTS COLORED_ON ATTENUATION_CURVE_ON COOKIE_TEX_ON ok=1
Cmd: compileSnippet
  api=4 type=0 insize=4222 outsize=665 kw=SPOT_SHAFTS COLORED_ON COOKIE_TEX_OFF ATTENUATION_CURVE_OFF ok=1
Cmd: compileSnippet
  api=4 type=1 insize=4222 outsize=510 kw=SPOT_SHAFTS COLORED_ON COOKIE_TEX_OFF ATTENUATION_CURVE_OFF ok=1
Cmd: preprocess
  insize=4537 outsize=485 ok=1
Cmd: compileSnippet
  api=4 type=0 insize=4224 outsize=665 kw=DIRECTIONAL_SHAFTS COLORED_ON ATTENUATION_CURVE_ON COOKIE_TEX_ON ok=1
Cmd: compileSnippet
  api=4 type=1 insize=4224 outsize=5629 kw=DIRECTIONAL_SHAFTS COLORED_ON ATTENUATION_CURVE_ON COOKIE_TEX_ON ok=1
Cmd: compileSnippet
  api=4 type=0 insize=4224 outsize=665 kw=SPOT_SHAFTS COLORED_ON COOKIE_TEX_OFF ATTENUATION_CURVE_OFF ok=1
Cmd: compileSnippet
  api=4 type=1 insize=4224 outsize=7701 kw=SPOT_SHAFTS COLORED_ON COOKIE_TEX_OFF ATTENUATION_CURVE_OFF ok=1
Cmd: preprocess
  insize=3195 outsize=823 ok=1
Cmd: compileSnippet
  api=4 type=0 insize=2462 outsize=665 kw= ok=1
Cmd: compileSnippet
  api=4 type=1 insize=2462 outsize=4524 kw= ok=1
Cmd: compileSnippet
  api=4 type=0 insize=437 outsize=665 kw= ok=1
Cmd: compileSnippet
  api=4 type=1 insize=437 outsize=510 kw= ok=1
Cmd: preprocess
  insize=791 outsize=294 ok=1
Cmd: compileSnippet
  api=4 type=0 insize=772 outsize=1550 kw= ok=1
Cmd: compileSnippet
  api=4 type=1 insize=772 outsize=510 kw= ok=1
Cmd: preprocess
  insize=928 outsize=431 ok=1
Cmd: compileSnippet
  api=4 type=0 insize=774 outsize=1550 kw= ok=1
Cmd: compileSnippet
  api=4 type=1 insize=774 outsize=510 kw= ok=1
Cmd: preprocess
  insize=791 outsize=294 ok=1
Cmd: preprocess
  insize=889 outsize=229 ok=1
Cmd: preprocess
  insize=678 outsize=208 ok=1
Cmd: preprocess
  insize=2926 outsize=568 ok=1
Cmd: preprocess
  insize=4254 outsize=230 ok=1
Cmd: preprocess
  insize=1228 outsize=198 ok=1
Cmd: compileSnippet
  api=4 type=0 insize=6544 outsize=1103 kw=SPOT_SHAFTS LIGHT_OFF_SCREEN FRUSTUM_SHAFTS SHOW_SAMPLES_ON ok=1
Cmd: compileSnippet
  api=4 type=1 insize=6544 outsize=11804 kw=SPOT_SHAFTS LIGHT_OFF_SCREEN FRUSTUM_SHAFTS SHOW_SAMPLES_ON ok=1
Cmd: preprocess
  insize=6941 outsize=502 ok=1
Cmd: preprocess
  insize=6943 outsize=504 ok=1
Cmd: preprocess
  insize=6943 outsize=504 ok=1
Cmd: compileSnippet
  api=4 type=0 insize=6544 outsize=770 kw=LIGHT_ON_SCREEN DIRECTIONAL_SHAFTS SHOW_SAMPLES_OFF QUAD_SHAFTS ok=1
Cmd: compileSnippet
  api=4 type=1 insize=6544 outsize=8164 kw=LIGHT_ON_SCREEN DIRECTIONAL_SHAFTS SHOW_SAMPLES_OFF QUAD_SHAFTS ok=1
Cmd: compileSnippet
  api=4 type=0 insize=6544 outsize=1103 kw=SPOT_SHAFTS LIGHT_OFF_SCREEN SHOW_SAMPLES_OFF FRUSTUM_SHAFTS ok=1
Cmd: compileSnippet
  api=4 type=1 insize=6544 outsize=11276 kw=SPOT_SHAFTS LIGHT_OFF_SCREEN SHOW_SAMPLES_OFF FRUSTUM_SHAFTS ok=1
Cmd: preprocess
  insize=6944 outsize=504 ok=1
Cmd: compileSnippet
  api=4 type=0 insize=6545 outsize=770 kw=LIGHT_ON_SCREEN DIRECTIONAL_SHAFTS SHOW_SAMPLES_OFF QUAD_SHAFTS ok=1
Cmd: compileSnippet
  api=4 type=1 insize=6545 outsize=8164 kw=LIGHT_ON_SCREEN DIRECTIONAL_SHAFTS SHOW_SAMPLES_OFF QUAD_SHAFTS ok=1
Cmd: compileSnippet
  api=4 type=0 insize=6545 outsize=1103 kw=SPOT_SHAFTS LIGHT_OFF_SCREEN SHOW_SAMPLES_OFF FRUSTUM_SHAFTS ok=1
Cmd: compileSnippet
  api=4 type=1 insize=6545 outsize=11276 kw=SPOT_SHAFTS LIGHT_OFF_SCREEN SHOW_SAMPLES_OFF FRUSTUM_SHAFTS ok=1
Cmd: preprocess
  insize=6944 outsize=504 ok=1
Cmd: compileSnippet
  api=4 type=0 insize=6545 outsize=770 kw=LIGHT_ON_SCREEN DIRECTIONAL_SHAFTS SHOW_SAMPLES_OFF QUAD_SHAFTS ok=1
Cmd: compileSnippet
  api=4 type=1 insize=6545 outsize=8164 kw=LIGHT_ON_SCREEN DIRECTIONAL_SHAFTS SHOW_SAMPLES_OFF QUAD_SHAFTS ok=1
Cmd: compileSnippet
  api=4 type=0 insize=6545 outsize=1103 kw=SPOT_SHAFTS LIGHT_OFF_SCREEN SHOW_SAMPLES_OFF FRUSTUM_SHAFTS ok=1
Cmd: compileSnippet
  api=4 type=1 insize=6545 outsize=11276 kw=SPOT_SHAFTS LIGHT_OFF_SCREEN SHOW_SAMPLES_OFF FRUSTUM_SHAFTS ok=1
Cmd: preprocess
  insize=6895 outsize=504 ok=1
Cmd: compileSnippet
  api=4 type=0 insize=6496 outsize=770 kw=LIGHT_ON_SCREEN DIRECTIONAL_SHAFTS SHOW_SAMPLES_OFF QUAD_SHAFTS ok=1
Cmd: compileSnippet
  api=4 type=1 insize=6496 outsize=8164 kw=LIGHT_ON_SCREEN DIRECTIONAL_SHAFTS SHOW_SAMPLES_OFF QUAD_SHAFTS ok=1
Cmd: compileSnippet
  api=4 type=0 insize=6496 outsize=1103 kw=SPOT_SHAFTS LIGHT_OFF_SCREEN SHOW_SAMPLES_OFF FRUSTUM_SHAFTS ok=1
Cmd: compileSnippet
  api=4 type=1 insize=6496 outsize=11276 kw=SPOT_SHAFTS LIGHT_OFF_SCREEN SHOW_SAMPLES_OFF FRUSTUM_SHAFTS ok=1
Cmd: compileSnippet
  api=4 type=0 insize=6496 outsize=1103 kw=SPOT_SHAFTS LIGHT_OFF_SCREEN FRUSTUM_SHAFTS SHOW_SAMPLES_ON ok=1
Cmd: compileSnippet
  api=4 type=1 insize=6496 outsize=11763 kw=SPOT_SHAFTS LIGHT_OFF_SCREEN FRUSTUM_SHAFTS SHOW_SAMPLES_ON ok=1
Cmd: preprocess
  insize=6893 outsize=502 ok=1
Cmd: preprocess
  insize=6907 outsize=516 ok=1
Cmd: preprocess
  insize=6897 outsize=506 ok=1
Cmd: preprocess
  insize=6942 outsize=551 ok=1
Cmd: compileSnippet
  api=4 type=0 insize=6496 outsize=770 kw=LIGHT_ON_SCREEN DIRECTIONAL_SHAFTS SHOW_SAMPLES_OFF QUAD_SHAFTS ok=1
Cmd: compileSnippet
  api=4 type=1 insize=6496 outsize=8164 kw=LIGHT_ON_SCREEN DIRECTIONAL_SHAFTS SHOW_SAMPLES_OFF QUAD_SHAFTS ok=1
Cmd: preprocess
  insize=6942 outsize=551 ok=1
Cmd: compileSnippet
  api=4 type=0 insize=6496 outsize=770 kw=SPOT_SHAFTS LIGHT_OFF_SCREEN SHOW_SAMPLES_OFF QUAD_SHAFTS ok=1
Cmd: compileSnippet
  api=4 type=1 insize=6496 outsize=11000 kw=SPOT_SHAFTS LIGHT_OFF_SCREEN SHOW_SAMPLES_OFF QUAD_SHAFTS ok=1
Cmd: compileSnippet
  api=4 type=0 insize=6496 outsize=1103 kw=SPOT_SHAFTS LIGHT_OFF_SCREEN SHOW_SAMPLES_OFF FRUSTUM_SHAFTS ok=1
Cmd: compileSnippet
  api=4 type=1 insize=6496 outsize=11276 kw=SPOT_SHAFTS LIGHT_OFF_SCREEN SHOW_SAMPLES_OFF FRUSTUM_SHAFTS ok=1
Cmd: preprocess
  insize=6908 outsize=517 ok=1
Cmd: preprocess
  insize=6777 outsize=386 ok=1
Cmd: compileSnippet
  api=4 type=0 insize=6496 outsize=770 kw=LIGHT_ON_SCREEN DIRECTIONAL_SHAFTS SHOW_SAMPLES_OFF QUAD_SHAFTS ok=1
Cmd: compileSnippet
  api=4 type=1 insize=6496 outsize=8164 kw=LIGHT_ON_SCREEN DIRECTIONAL_SHAFTS SHOW_SAMPLES_OFF QUAD_SHAFTS ok=1
Cmd: compileSnippet
  api=4 type=0 insize=6496 outsize=1103 kw=SPOT_SHAFTS LIGHT_OFF_SCREEN SHOW_SAMPLES_OFF FRUSTUM_SHAFTS ok=1
Cmd: compileSnippet
  api=4 type=1 insize=6496 outsize=11276 kw=SPOT_SHAFTS LIGHT_OFF_SCREEN SHOW_SAMPLES_OFF FRUSTUM_SHAFTS ok=1
Cmd: preprocess
  insize=696 outsize=227 ok=1
Cmd: compileSnippet
  api=4 type=0 insize=745 outsize=1550 kw= ok=1
Cmd: compileSnippet
  api=4 type=1 insize=745 outsize=510 kw= ok=1
Cmd: preprocess
  insize=1246 outsize=216 ok=1
Cmd: compileSnippet
  api=4 type=0 insize=1282 outsize=665 kw= ok=1
Cmd: compileSnippet
  api=4 type=1 insize=1282 outsize=2395 kw= ok=1
Cmd: preprocess
  insize=2944 outsize=586 ok=1
Cmd: compileSnippet
  api=4 type=0 insize=2462 outsize=665 kw= ok=1
Cmd: compileSnippet
  api=4 type=1 insize=2462 outsize=4524 kw= ok=1
Cmd: compileSnippet
  api=4 type=0 insize=423 outsize=665 kw= ok=1
Cmd: compileSnippet
  api=4 type=1 insize=423 outsize=510 kw= ok=1
Cmd: preprocess
  insize=2949 outsize=219 ok=1
Cmd: preprocess
  insize=602 outsize=210 ok=1
Cmd: preprocess
  insize=6863 outsize=472 ok=1
Cmd: compileSnippet
  api=4 type=0 insize=6496 outsize=770 kw=LIGHT_ON_SCREEN DIRECTIONAL_SHAFTS SHOW_SAMPLES_OFF QUAD_SHAFTS ok=1
Cmd: compileSnippet
  api=4 type=1 insize=6496 outsize=8164 kw=LIGHT_ON_SCREEN DIRECTIONAL_SHAFTS SHOW_SAMPLES_OFF QUAD_SHAFTS ok=1
Cmd: preprocess
  insize=614 outsize=196 ok=1
Cmd: compileSnippet
  api=4 type=0 insize=690 outsize=1136 kw= ok=1
Cmd: compileSnippet
  api=4 type=1 insize=690 outsize=510 kw= ok=1
Cmd: preprocess
  insize=2928 outsize=569 ok=1
Cmd: preprocess
  insize=4256 outsize=232 ok=1
Cmd: preprocess
  insize=1230 outsize=200 ok=1
Cmd: compileSnippet
  api=4 type=0 insize=6496 outsize=1103 kw=SPOT_SHAFTS LIGHT_OFF_SCREEN SHOW_SAMPLES_OFF FRUSTUM_SHAFTS ok=1
Cmd: compileSnippet
  api=4 type=1 insize=6496 outsize=11276 kw=SPOT_SHAFTS LIGHT_OFF_SCREEN SHOW_SAMPLES_OFF FRUSTUM_SHAFTS ok=1
Cmd: preprocess
  insize=588 outsize=196 ok=1
Cmd: preprocess
  insize=2935 outsize=205 ok=1
Cmd: compileSnippet
  api=4 type=0 insize=6496 outsize=1103 kw=SPOT_SHAFTS LIGHT_OFF_SCREEN FRUSTUM_SHAFTS SHOW_SAMPLES_ON ok=1
Cmd: compileSnippet
  api=4 type=1 insize=6496 outsize=11763 kw=SPOT_SHAFTS LIGHT_OFF_SCREEN FRUSTUM_SHAFTS SHOW_SAMPLES_ON ok=1
Cmd: preprocess
  insize=6899 outsize=508 ok=1
Cmd: preprocess
  insize=6899 outsize=508 ok=1
Cmd: compileSnippet
  api=4 type=0 insize=6496 outsize=1103 kw=LIGHT_ON_SCREEN SPOT_SHAFTS SHOW_SAMPLES_OFF FRUSTUM_SHAFTS ok=1
Cmd: compileSnippet
  api=4 type=1 insize=6496 outsize=9700 kw=LIGHT_ON_SCREEN SPOT_SHAFTS SHOW_SAMPLES_OFF FRUSTUM_SHAFTS ok=1
Cmd: preprocess
  insize=6899 outsize=508 ok=1
Cmd: compileSnippet
  api=4 type=0 insize=6496 outsize=770 kw=LIGHT_ON_SCREEN DIRECTIONAL_SHAFTS SHOW_SAMPLES_OFF QUAD_SHAFTS ok=1
Cmd: compileSnippet
  api=4 type=1 insize=6496 outsize=8164 kw=LIGHT_ON_SCREEN DIRECTIONAL_SHAFTS SHOW_SAMPLES_OFF QUAD_SHAFTS ok=1
Cmd: compileSnippet
  api=4 type=0 insize=6496 outsize=1103 kw=SPOT_SHAFTS LIGHT_OFF_SCREEN SHOW_SAMPLES_OFF FRUSTUM_SHAFTS ok=1
Cmd: compileSnippet
  api=4 type=1 insize=6496 outsize=11276 kw=SPOT_SHAFTS LIGHT_OFF_SCREEN SHOW_SAMPLES_OFF FRUSTUM_SHAFTS ok=1
Cmd: preprocess
  insize=6851 outsize=508 ok=1
Cmd: compileSnippet
  error: 1 plat 4 at (140): implicit truncation of vector type
  error: 1 plat 4 at (144): implicit truncation of vector type
  error: 2 plat 4 at (173): 'tex2D': no matching 1 parameter intrinsic function; Possible intrinsic functions are: tex2D(sampler2D, float2|half2|min10float2|min16float2) tex2D(sampler2D, float2|half2|min10float2|min16float2, float2|half2|min10float2|min16float2, float2|half2|min10float2|min16float2)
  api=4 type=0 insize=6448 outsize=0 kw=LIGHT_ON_SCREEN DIRECTIONAL_SHAFTS SHOW_SAMPLES_OFF QUAD_SHAFTS ok=0
Cmd: preprocess
  insize=6852 outsize=508 ok=1
Cmd: compileSnippet
  error: 1 plat 4 at (140): implicit truncation of vector type
  error: 1 plat 4 at (144): implicit truncation of vector type
  error: 2 plat 4 at (173): 'tex2D': no matching 1 parameter intrinsic function; Possible intrinsic functions are: tex2D(sampler2D, float2|half2|min10float2|min16float2) tex2D(sampler2D, float2|half2|min10float2|min16float2, float2|half2|min10float2|min16float2, float2|half2|min10float2|min16float2)
  api=4 type=0 insize=6449 outsize=0 kw=LIGHT_ON_SCREEN DIRECTIONAL_SHAFTS SHOW_SAMPLES_OFF QUAD_SHAFTS ok=0
Cmd: preprocess
  insize=6845 outsize=508 ok=1
Cmd: compileSnippet
  api=4 type=0 insize=6442 outsize=770 kw=LIGHT_ON_SCREEN DIRECTIONAL_SHAFTS SHOW_SAMPLES_OFF QUAD_SHAFTS ok=1
Cmd: compileSnippet
  api=4 type=1 insize=6442 outsize=8083 kw=LIGHT_ON_SCREEN DIRECTIONAL_SHAFTS SHOW_SAMPLES_OFF QUAD_SHAFTS ok=1
Cmd: compileSnippet
  api=4 type=0 insize=6442 outsize=1103 kw=SPOT_SHAFTS LIGHT_OFF_SCREEN SHOW_SAMPLES_OFF FRUSTUM_SHAFTS ok=1
Cmd: compileSnippet
  api=4 type=1 insize=6442 outsize=11195 kw=SPOT_SHAFTS LIGHT_OFF_SCREEN SHOW_SAMPLES_OFF FRUSTUM_SHAFTS ok=1
Cmd: preprocess
  insize=6899 outsize=507 ok=1
Cmd: compileSnippet
  api=4 type=0 insize=6496 outsize=770 kw=LIGHT_ON_SCREEN DIRECTIONAL_SHAFTS SHOW_SAMPLES_OFF QUAD_SHAFTS ok=1
Cmd: compileSnippet
  api=4 type=1 insize=6496 outsize=510 kw=LIGHT_ON_SCREEN DIRECTIONAL_SHAFTS SHOW_SAMPLES_OFF QUAD_SHAFTS ok=1
Cmd: compileSnippet
  api=4 type=0 insize=6496 outsize=1103 kw=SPOT_SHAFTS LIGHT_OFF_SCREEN SHOW_SAMPLES_OFF FRUSTUM_SHAFTS ok=1
Cmd: compileSnippet
  api=4 type=1 insize=6496 outsize=510 kw=SPOT_SHAFTS LIGHT_OFF_SCREEN SHOW_SAMPLES_OFF FRUSTUM_SHAFTS ok=1
Cmd: preprocess
  insize=6899 outsize=508 ok=1
Cmd: preprocess
  insize=6867 outsize=508 ok=1
Cmd: compileSnippet
  api=4 type=0 insize=6464 outsize=770 kw=LIGHT_ON_SCREEN DIRECTIONAL_SHAFTS SHOW_SAMPLES_OFF QUAD_SHAFTS ok=1
Cmd: compileSnippet
  api=4 type=1 insize=6464 outsize=8164 kw=LIGHT_ON_SCREEN DIRECTIONAL_SHAFTS SHOW_SAMPLES_OFF QUAD_SHAFTS ok=1
Cmd: compileSnippet
  api=4 type=0 insize=6464 outsize=1103 kw=SPOT_SHAFTS LIGHT_OFF_SCREEN SHOW_SAMPLES_OFF FRUSTUM_SHAFTS ok=1
Cmd: compileSnippet
  api=4 type=1 insize=6464 outsize=11276 kw=SPOT_SHAFTS LIGHT_OFF_SCREEN SHOW_SAMPLES_OFF FRUSTUM_SHAFTS ok=1
Cmd: compileSnippet
  api=4 type=0 insize=6464 outsize=1103 kw=SPOT_SHAFTS LIGHT_OFF_SCREEN FRUSTUM_SHAFTS SHOW_SAMPLES_ON ok=1
Cmd: compileSnippet
  api=4 type=1 insize=6464 outsize=510 kw=SPOT_SHAFTS LIGHT_OFF_SCREEN FRUSTUM_SHAFTS SHOW_SAMPLES_ON ok=1
Cmd: preprocess
  insize=6899 outsize=508 ok=1
Cmd: preprocess
  insize=1258 outsize=199 ok=1
Cmd: compileSnippet
  api=4 type=0 insize=1309 outsize=665 kw= ok=1
Cmd: compileSnippet
  api=4 type=1 insize=1309 outsize=843 kw= ok=1
Cmd: preprocess
  insize=1258 outsize=200 ok=1
Cmd: compileSnippet
  api=4 type=0 insize=1309 outsize=665 kw= ok=1
Cmd: compileSnippet
  api=4 type=1 insize=1309 outsize=843 kw= ok=1
Cmd: preprocess
  insize=1290 outsize=232 ok=1
Cmd: preprocess
  insize=6898 outsize=507 ok=1
Cmd: compileSnippet
  api=4 type=0 insize=6495 outsize=770 kw=LIGHT_ON_SCREEN DIRECTIONAL_SHAFTS SHOW_SAMPLES_OFF QUAD_SHAFTS ok=1
Cmd: compileSnippet
  api=4 type=1 insize=6495 outsize=8164 kw=LIGHT_ON_SCREEN DIRECTIONAL_SHAFTS SHOW_SAMPLES_OFF QUAD_SHAFTS ok=1
Cmd: compileSnippet
  api=4 type=0 insize=6495 outsize=1103 kw=SPOT_SHAFTS LIGHT_OFF_SCREEN SHOW_SAMPLES_OFF FRUSTUM_SHAFTS ok=1
Cmd: compileSnippet
  api=4 type=1 insize=6495 outsize=11276 kw=SPOT_SHAFTS LIGHT_OFF_SCREEN SHOW_SAMPLES_OFF FRUSTUM_SHAFTS ok=1
Cmd: preprocess
  insize=1290 outsize=231 ok=1
Cmd: preprocess
  insize=1291 outsize=232 ok=1
Cmd: compileSnippet
  api=4 type=0 insize=1310 outsize=665 kw= ok=1
Cmd: compileSnippet
  api=4 type=1 insize=1310 outsize=843 kw= ok=1
Cmd: preprocess
  insize=1290 outsize=232 ok=1
Cmd: preprocess
  insize=1262 outsize=232 ok=1
Cmd: compileSnippet
  api=4 type=0 insize=4197 outsize=665 kw=SPOT_SHAFTS COLORED_ON ATTENUATION_CURVE_ON COOKIE_TEX_OFF ok=1
Cmd: compileSnippet
  api=4 type=1 insize=4197 outsize=7677 kw=SPOT_SHAFTS COLORED_ON ATTENUATION_CURVE_ON COOKIE_TEX_OFF ok=1
Cmd: preprocess
  insize=4282 outsize=232 ok=1
Cmd: preprocess
  insize=4282 outsize=232 ok=1
Cmd: preprocess
  insize=4256 outsize=232 ok=1
Cmd: compileSnippet
  api=4 type=0 insize=6495 outsize=1103 kw=SPOT_SHAFTS LIGHT_OFF_SCREEN FRUSTUM_SHAFTS SHOW_SAMPLES_ON ok=1
Cmd: compileSnippet
  api=4 type=1 insize=6495 outsize=11763 kw=SPOT_SHAFTS LIGHT_OFF_SCREEN FRUSTUM_SHAFTS SHOW_SAMPLES_ON ok=1
Cmd: preprocess
  insize=6900 outsize=508 ok=1
Cmd: compileSnippet
  api=4 type=0 insize=6497 outsize=770 kw=LIGHT_ON_SCREEN DIRECTIONAL_SHAFTS SHOW_SAMPLES_OFF QUAD_SHAFTS ok=1
Cmd: compileSnippet
  api=4 type=1 insize=6497 outsize=8164 kw=LIGHT_ON_SCREEN DIRECTIONAL_SHAFTS SHOW_SAMPLES_OFF QUAD_SHAFTS ok=1
Cmd: compileSnippet
  api=4 type=0 insize=6497 outsize=1103 kw=SPOT_SHAFTS LIGHT_OFF_SCREEN SHOW_SAMPLES_OFF FRUSTUM_SHAFTS ok=1
Cmd: compileSnippet
  api=4 type=1 insize=6497 outsize=11276 kw=SPOT_SHAFTS LIGHT_OFF_SCREEN SHOW_SAMPLES_OFF FRUSTUM_SHAFTS ok=1
Cmd: preprocess
  insize=6900 outsize=508 ok=1
Cmd: compileSnippet
  api=4 type=0 insize=6497 outsize=770 kw=LIGHT_ON_SCREEN DIRECTIONAL_SHAFTS SHOW_SAMPLES_OFF QUAD_SHAFTS ok=1
Cmd: compileSnippet
  api=4 type=1 insize=6497 outsize=8164 kw=LIGHT_ON_SCREEN DIRECTIONAL_SHAFTS SHOW_SAMPLES_OFF QUAD_SHAFTS ok=1
Cmd: compileSnippet
  api=4 type=0 insize=6497 outsize=1103 kw=SPOT_SHAFTS LIGHT_OFF_SCREEN SHOW_SAMPLES_OFF FRUSTUM_SHAFTS ok=1
Cmd: compileSnippet
  api=4 type=1 insize=6497 outsize=11276 kw=SPOT_SHAFTS LIGHT_OFF_SCREEN SHOW_SAMPLES_OFF FRUSTUM_SHAFTS ok=1
Cmd: preprocess
  insize=6902 outsize=508 ok=1
Cmd: compileSnippet
  api=4 type=0 insize=6499 outsize=770 kw=LIGHT_ON_SCREEN DIRECTIONAL_SHAFTS SHOW_SAMPLES_OFF QUAD_SHAFTS ok=1
Cmd: compileSnippet
  api=4 type=1 insize=6499 outsize=8164 kw=LIGHT_ON_SCREEN DIRECTIONAL_SHAFTS SHOW_SAMPLES_OFF QUAD_SHAFTS ok=1
Cmd: compileSnippet
  api=4 type=0 insize=6499 outsize=1103 kw=SPOT_SHAFTS LIGHT_OFF_SCREEN SHOW_SAMPLES_OFF FRUSTUM_SHAFTS ok=1
Cmd: compileSnippet
  api=4 type=1 insize=6499 outsize=11276 kw=SPOT_SHAFTS LIGHT_OFF_SCREEN SHOW_SAMPLES_OFF FRUSTUM_SHAFTS ok=1
Cmd: compileSnippet
  api=4 type=0 insize=6499 outsize=1103 kw=SPOT_SHAFTS LIGHT_OFF_SCREEN FRUSTUM_SHAFTS SHOW_SAMPLES_ON ok=1
Cmd: compileSnippet
  api=4 type=1 insize=6499 outsize=11763 kw=SPOT_SHAFTS LIGHT_OFF_SCREEN FRUSTUM_SHAFTS SHOW_SAMPLES_ON ok=1
Cmd: preprocess
  insize=6901 outsize=507 ok=1
Cmd: compileSnippet
  api=4 type=0 insize=6498 outsize=770 kw=LIGHT_ON_SCREEN DIRECTIONAL_SHAFTS SHOW_SAMPLES_OFF QUAD_SHAFTS ok=1
Cmd: compileSnippet
  api=4 type=1 insize=6498 outsize=8164 kw=LIGHT_ON_SCREEN DIRECTIONAL_SHAFTS SHOW_SAMPLES_OFF QUAD_SHAFTS ok=1
Cmd: compileSnippet
  api=4 type=0 insize=6498 outsize=1103 kw=SPOT_SHAFTS LIGHT_OFF_SCREEN FRUSTUM_SHAFTS SHOW_SAMPLES_ON ok=1
Cmd: compileSnippet
  api=4 type=1 insize=6498 outsize=11763 kw=SPOT_SHAFTS LIGHT_OFF_SCREEN FRUSTUM_SHAFTS SHOW_SAMPLES_ON ok=1
Cmd: compileSnippet
  api=4 type=0 insize=6498 outsize=1103 kw=SPOT_SHAFTS LIGHT_OFF_SCREEN SHOW_SAMPLES_OFF FRUSTUM_SHAFTS ok=1
Cmd: compileSnippet
  api=4 type=1 insize=6498 outsize=11276 kw=SPOT_SHAFTS LIGHT_OFF_SCREEN SHOW_SAMPLES_OFF FRUSTUM_SHAFTS ok=1
Cmd: compileSnippet
  api=4 type=0 insize=6498 outsize=1103 kw=LIGHT_ON_SCREEN SPOT_SHAFTS SHOW_SAMPLES_OFF FRUSTUM_SHAFTS ok=1
Cmd: compileSnippet
  api=4 type=1 insize=6498 outsize=9700 kw=LIGHT_ON_SCREEN SPOT_SHAFTS SHOW_SAMPLES_OFF FRUSTUM_SHAFTS ok=1
Cmd: preprocess
  insize=678 outsize=208 ok=1
Cmd: preprocess
  insize=2926 outsize=568 ok=1
Cmd: preprocess
  insize=4254 outsize=230 ok=1
Cmd: preprocess
  insize=1228 outsize=198 ok=1
Cmd: preprocess
  insize=6938 outsize=508 ok=1
Cmd: compileSnippet
  error: 2 plat 4 at (76): invalid subscript 'color'
  api=4 type=0 insize=6535 outsize=0 kw=LIGHT_ON_SCREEN DIRECTIONAL_SHAFTS SHOW_SAMPLES_OFF QUAD_SHAFTS ok=0
Cmd: preprocess
  insize=6940 outsize=508 ok=1
Cmd: compileSnippet
  api=4 type=0 insize=6537 outsize=770 kw=LIGHT_ON_SCREEN DIRECTIONAL_SHAFTS SHOW_SAMPLES_OFF QUAD_SHAFTS ok=1
Cmd: compileSnippet
  api=4 type=1 insize=6537 outsize=8164 kw=LIGHT_ON_SCREEN DIRECTIONAL_SHAFTS SHOW_SAMPLES_OFF QUAD_SHAFTS ok=1
Cmd: compileSnippet
  api=4 type=0 insize=6537 outsize=1103 kw=SPOT_SHAFTS LIGHT_OFF_SCREEN SHOW_SAMPLES_OFF FRUSTUM_SHAFTS ok=1
Cmd: compileSnippet
  api=4 type=1 insize=6537 outsize=11276 kw=SPOT_SHAFTS LIGHT_OFF_SCREEN SHOW_SAMPLES_OFF FRUSTUM_SHAFTS ok=1
Cmd: preprocess
  insize=6938 outsize=508 ok=1
Cmd: compileSnippet
  error: 2 plat 4 at (76): invalid subscript 'color'
  api=4 type=0 insize=6535 outsize=0 kw=LIGHT_ON_SCREEN DIRECTIONAL_SHAFTS SHOW_SAMPLES_OFF QUAD_SHAFTS ok=0
Cmd: preprocess
  insize=6899 outsize=508 ok=1
Cmd: compileSnippet
  api=4 type=0 insize=6497 outsize=770 kw=LIGHT_ON_SCREEN DIRECTIONAL_SHAFTS SHOW_SAMPLES_OFF QUAD_SHAFTS ok=1
Cmd: compileSnippet
  api=4 type=1 insize=6497 outsize=8164 kw=LIGHT_ON_SCREEN DIRECTIONAL_SHAFTS SHOW_SAMPLES_OFF QUAD_SHAFTS ok=1
Cmd: compileSnippet
  api=4 type=0 insize=6497 outsize=1103 kw=SPOT_SHAFTS LIGHT_OFF_SCREEN SHOW_SAMPLES_OFF FRUSTUM_SHAFTS ok=1
Cmd: compileSnippet
  api=4 type=1 insize=6497 outsize=11276 kw=SPOT_SHAFTS LIGHT_OFF_SCREEN SHOW_SAMPLES_OFF FRUSTUM_SHAFTS ok=1
Cmd: preprocess
  insize=6883 outsize=492 ok=1
Cmd: compileSnippet
  api=4 type=0 insize=6497 outsize=770 kw=LIGHT_ON_SCREEN DIRECTIONAL_SHAFTS SHOW_SAMPLES_OFF QUAD_SHAFTS ok=1
Cmd: compileSnippet
  api=4 type=1 insize=6497 outsize=8164 kw=LIGHT_ON_SCREEN DIRECTIONAL_SHAFTS SHOW_SAMPLES_OFF QUAD_SHAFTS ok=1
Cmd: compileSnippet
  api=4 type=0 insize=6497 outsize=1103 kw=SPOT_SHAFTS LIGHT_OFF_SCREEN SHOW_SAMPLES_OFF FRUSTUM_SHAFTS ok=1
Cmd: compileSnippet
  api=4 type=1 insize=6497 outsize=11276 kw=SPOT_SHAFTS LIGHT_OFF_SCREEN SHOW_SAMPLES_OFF FRUSTUM_SHAFTS ok=1
Cmd: preprocess
  insize=6899 outsize=508 ok=1
Cmd: preprocess
  insize=6883 outsize=492 ok=1
Cmd: compileSnippet
  api=4 type=0 insize=6497 outsize=1103 kw=LIGHT_ON_SCREEN SPOT_SHAFTS SHOW_SAMPLES_OFF FRUSTUM_SHAFTS ok=1
Cmd: compileSnippet
  api=4 type=1 insize=6497 outsize=9700 kw=LIGHT_ON_SCREEN SPOT_SHAFTS SHOW_SAMPLES_OFF FRUSTUM_SHAFTS ok=1
Cmd: compileSnippet
  api=4 type=0 insize=6497 outsize=770 kw=SPOT_SHAFTS LIGHT_OFF_SCREEN SHOW_SAMPLES_OFF QUAD_SHAFTS ok=1
Cmd: compileSnippet
  api=4 type=1 insize=6497 outsize=11000 kw=SPOT_SHAFTS LIGHT_OFF_SCREEN SHOW_SAMPLES_OFF QUAD_SHAFTS ok=1
Cmd: preprocess
  insize=6882 outsize=492 ok=1
Cmd: compileSnippet
  api=4 type=0 insize=6496 outsize=770 kw=LIGHT_ON_SCREEN DIRECTIONAL_SHAFTS SHOW_SAMPLES_OFF QUAD_SHAFTS ok=1
Cmd: compileSnippet
  api=4 type=1 insize=6496 outsize=8164 kw=LIGHT_ON_SCREEN DIRECTIONAL_SHAFTS SHOW_SAMPLES_OFF QUAD_SHAFTS ok=1
Cmd: compileSnippet
  api=4 type=0 insize=6496 outsize=1103 kw=SPOT_SHAFTS LIGHT_OFF_SCREEN SHOW_SAMPLES_OFF FRUSTUM_SHAFTS ok=1
Cmd: compileSnippet
  api=4 type=1 insize=6496 outsize=11276 kw=SPOT_SHAFTS LIGHT_OFF_SCREEN SHOW_SAMPLES_OFF FRUSTUM_SHAFTS ok=1
Cmd: preprocess
  insize=6882 outsize=492 ok=1
Cmd: compileSnippet
  api=4 type=0 insize=6496 outsize=770 kw=SPOT_SHAFTS LIGHT_OFF_SCREEN SHOW_SAMPLES_OFF QUAD_SHAFTS ok=1
Cmd: compileSnippet
  api=4 type=1 insize=6496 outsize=11000 kw=SPOT_SHAFTS LIGHT_OFF_SCREEN SHOW_SAMPLES_OFF QUAD_SHAFTS ok=1
Cmd: compileSnippet
  api=4 type=0 insize=6496 outsize=1103 kw=LIGHT_ON_SCREEN SPOT_SHAFTS SHOW_SAMPLES_OFF FRUSTUM_SHAFTS ok=1
Cmd: compileSnippet
  api=4 type=1 insize=6496 outsize=9700 kw=LIGHT_ON_SCREEN SPOT_SHAFTS SHOW_SAMPLES_OFF FRUSTUM_SHAFTS ok=1
Cmd: compileSnippet
  api=4 type=0 insize=6496 outsize=770 kw=LIGHT_ON_SCREEN SPOT_SHAFTS SHOW_SAMPLES_OFF QUAD_SHAFTS ok=1
Cmd: compileSnippet
  api=4 type=1 insize=6496 outsize=9423 kw=LIGHT_ON_SCREEN SPOT_SHAFTS SHOW_SAMPLES_OFF QUAD_SHAFTS ok=1
Cmd: preprocess
  insize=6883 outsize=492 ok=1
Cmd: compileSnippet
  api=4 type=0 insize=6497 outsize=770 kw=LIGHT_ON_SCREEN DIRECTIONAL_SHAFTS SHOW_SAMPLES_OFF QUAD_SHAFTS ok=1
Cmd: compileSnippet
  api=4 type=1 insize=6497 outsize=8164 kw=LIGHT_ON_SCREEN DIRECTIONAL_SHAFTS SHOW_SAMPLES_OFF QUAD_SHAFTS ok=1
Cmd: compileSnippet
  api=4 type=0 insize=6497 outsize=1103 kw=SPOT_SHAFTS LIGHT_OFF_SCREEN SHOW_SAMPLES_OFF FRUSTUM_SHAFTS ok=1
Cmd: compileSnippet
  api=4 type=1 insize=6497 outsize=11276 kw=SPOT_SHAFTS LIGHT_OFF_SCREEN SHOW_SAMPLES_OFF FRUSTUM_SHAFTS ok=1
Cmd: preprocess
  insize=6882 outsize=492 ok=1
Cmd: compileSnippet
  api=4 type=0 insize=6496 outsize=770 kw=LIGHT_ON_SCREEN DIRECTIONAL_SHAFTS SHOW_SAMPLES_OFF QUAD_SHAFTS ok=1
Cmd: compileSnippet
  api=4 type=1 insize=6496 outsize=8164 kw=LIGHT_ON_SCREEN DIRECTIONAL_SHAFTS SHOW_SAMPLES_OFF QUAD_SHAFTS ok=1
Cmd: compileSnippet
  api=4 type=0 insize=6496 outsize=1103 kw=SPOT_SHAFTS LIGHT_OFF_SCREEN SHOW_SAMPLES_OFF FRUSTUM_SHAFTS ok=1
Cmd: compileSnippet
  api=4 type=1 insize=6496 outsize=11276 kw=SPOT_SHAFTS LIGHT_OFF_SCREEN SHOW_SAMPLES_OFF FRUSTUM_SHAFTS ok=1
Cmd: preprocess
  insize=6882 outsize=492 ok=1
Cmd: preprocess
  insize=6730 outsize=291 ok=1
Cmd: preprocess
  insize=2933 outsize=203 ok=1
Cmd: preprocess
  insize=889 outsize=229 ok=1
Cmd: preprocess
  insize=6730 outsize=291 ok=1
Cmd: preprocess
  insize=586 outsize=194 ok=1
Cmd: preprocess
  insize=678 outsize=208 ok=1
Cmd: preprocess
  insize=2926 outsize=568 ok=1
Cmd: preprocess
  insize=4254 outsize=230 ok=1
Cmd: preprocess
  insize=1228 outsize=198 ok=1
Cmd: preprocess
  insize=6766 outsize=327 ok=1
Cmd: preprocess
  insize=6764 outsize=325 ok=1
Cmd: preprocess
  insize=6766 outsize=327 ok=1
Cmd: preprocess
  insize=6767 outsize=327 ok=1
Cmd: compileSnippet
  api=4 type=0 insize=6545 outsize=770 kw=LIGHT_ON_SCREEN DIRECTIONAL_SHAFTS SHOW_SAMPLES_OFF QUAD_SHAFTS ok=1
Cmd: compileSnippet
  api=4 type=1 insize=6545 outsize=8164 kw=LIGHT_ON_SCREEN DIRECTIONAL_SHAFTS SHOW_SAMPLES_OFF QUAD_SHAFTS ok=1
Cmd: compileSnippet
  api=4 type=0 insize=6545 outsize=1103 kw=SPOT_SHAFTS LIGHT_OFF_SCREEN SHOW_SAMPLES_OFF FRUSTUM_SHAFTS ok=1
Cmd: compileSnippet
  api=4 type=1 insize=6545 outsize=11276 kw=SPOT_SHAFTS LIGHT_OFF_SCREEN SHOW_SAMPLES_OFF FRUSTUM_SHAFTS ok=1
Cmd: preprocess
  insize=6766 outsize=327 ok=1
Cmd: compileSnippet
  api=4 type=0 insize=6544 outsize=770 kw=LIGHT_ON_SCREEN DIRECTIONAL_SHAFTS SHOW_SAMPLES_OFF QUAD_SHAFTS ok=1
Cmd: compileSnippet
  api=4 type=1 insize=6544 outsize=8164 kw=LIGHT_ON_SCREEN DIRECTIONAL_SHAFTS SHOW_SAMPLES_OFF QUAD_SHAFTS ok=1
Cmd: compileSnippet
  api=4 type=0 insize=6544 outsize=1103 kw=SPOT_SHAFTS LIGHT_OFF_SCREEN SHOW_SAMPLES_OFF FRUSTUM_SHAFTS ok=1
Cmd: compileSnippet
  api=4 type=1 insize=6544 outsize=11276 kw=SPOT_SHAFTS LIGHT_OFF_SCREEN SHOW_SAMPLES_OFF FRUSTUM_SHAFTS ok=1
Cmd: compileSnippet
  api=4 type=0 insize=6544 outsize=1103 kw=LIGHT_ON_SCREEN SPOT_SHAFTS SHOW_SAMPLES_OFF FRUSTUM_SHAFTS ok=1
Cmd: compileSnippet
  api=4 type=1 insize=6544 outsize=9700 kw=LIGHT_ON_SCREEN SPOT_SHAFTS SHOW_SAMPLES_OFF FRUSTUM_SHAFTS ok=1
Cmd: compileSnippet
  api=4 type=0 insize=6544 outsize=770 kw=SPOT_SHAFTS LIGHT_OFF_SCREEN SHOW_SAMPLES_OFF QUAD_SHAFTS ok=1
Cmd: compileSnippet
  api=4 type=1 insize=6544 outsize=11000 kw=SPOT_SHAFTS LIGHT_OFF_SCREEN SHOW_SAMPLES_OFF QUAD_SHAFTS ok=1
Cmd: compileSnippet
  api=4 type=0 insize=6544 outsize=770 kw=LIGHT_ON_SCREEN SPOT_SHAFTS SHOW_SAMPLES_OFF QUAD_SHAFTS ok=1
Cmd: compileSnippet
  api=4 type=1 insize=6544 outsize=9423 kw=LIGHT_ON_SCREEN SPOT_SHAFTS SHOW_SAMPLES_OFF QUAD_SHAFTS ok=1
Cmd: compileSnippet
  api=4 type=0 insize=6544 outsize=1103 kw=SPOT_SHAFTS LIGHT_OFF_SCREEN FRUSTUM_SHAFTS SHOW_SAMPLES_ON ok=1
Cmd: compileSnippet
  api=4 type=1 insize=6544 outsize=11804 kw=SPOT_SHAFTS LIGHT_OFF_SCREEN FRUSTUM_SHAFTS SHOW_SAMPLES_ON ok=1
Cmd: preprocess
  insize=6718 outsize=327 ok=1
Cmd: compileSnippet
  api=4 type=0 insize=6496 outsize=770 kw=LIGHT_ON_SCREEN DIRECTIONAL_SHAFTS SHOW_SAMPLES_OFF QUAD_SHAFTS ok=1
Cmd: compileSnippet
  api=4 type=1 insize=6496 outsize=8164 kw=LIGHT_ON_SCREEN DIRECTIONAL_SHAFTS SHOW_SAMPLES_OFF QUAD_SHAFTS ok=1
Cmd: compileSnippet
  api=4 type=0 insize=6496 outsize=1103 kw=SPOT_SHAFTS LIGHT_OFF_SCREEN FRUSTUM_SHAFTS SHOW_SAMPLES_ON ok=1
Cmd: compileSnippet
  api=4 type=1 insize=6496 outsize=11763 kw=SPOT_SHAFTS LIGHT_OFF_SCREEN FRUSTUM_SHAFTS SHOW_SAMPLES_ON ok=1
Cmd: preprocess
  insize=6766 outsize=327 ok=1
